<?xml version="1.0" encoding="UTF-8"?>
<beans xmlns="http://www.springframework.org/schema/beans"
       xmlns:xsi="http://www.w3.org/2001/XMLSchema-instance"
       xmlns:mvc="http://www.springframework.org/schema/mvc"
       xmlns:context="http://www.springframework.org/schema/context"
       xmlns:jpa="http://www.springframework.org/schema/data/jpa"
       xmlns:jdbc="http://www.springframework.org/schema/jdbc"
       xsi:schemaLocation="
            http://www.springframework.org/schema/beans
            http://www.springframework.org/schema/beans/spring-beans.xsd
            http://www.springframework.org/schema/mvc
            http://www.springframework.org/schema/mvc/spring-mvc.xsd
            http://www.springframework.org/schema/context
            http://www.springframework.org/schema/context/spring-context.xsd
            http://www.springframework.org/schema/data/jpa
            http://www.springframework.org/schema/data/jpa/spring-jpa.xsd
            http://www.springframework.org/schema/jdbc
            http://www.springframework.org/schema/jdbc/spring-jdbc.xsd
       ">

    <!-- Spring MVC -->

    <mvc:annotation-driven />
    <mvc:default-servlet-handler />
    <context:component-scan
            base-package="app.spring_webapp_thymeleaf" />

    <!-- DB -->

    <jpa:repositories base-package="app.spring_webapp_thymeleaf.repositories" />

    <context:property-placeholder location="classpath:db/dev/db.properties"/>

    <bean id="dataSourceHikari"
          class="com.zaxxer.hikari.HikariDataSource">
        <property name="driverClassName" value="${hikari.driverClassName}" />
        <property name="jdbcUrl" value="${hikari.jdbcUrl}" />
        <property name="username" value="${hikari.username}" />
        <property name="password" value="${hikari.password}" />
        <property name="connectionTestQuery" value="SELECT 1;" />
        <property name="maximumPoolSize" value="5" />
        <property name="loginTimeout" value="1" />
        <property name="connectionTimeout" value="1000" />
        <property name="initializationFailTimeout" value="-1" />
    </bean>

    <jdbc:initialize-database data-source="dataSourceHikari" enabled="${db.initialize}">
        <jdbc:script encoding="utf-8" location="classpath:db/dev/create-schema.sql"/>
        <jdbc:script encoding="utf-8" location="classpath:db/dev/insert-data.sql"/>
    </jdbc:initialize-database>

    <bean id="hibernateJpaVendorAdapter"
          class="org.springframework.orm.jpa.vendor.HibernateJpaVendorAdapter" />

    <!-- Configure the entity manager factory bean -->
    <bean id="entityManagerFactory"
          class="org.springframework.orm.jpa.LocalContainerEntityManagerFactoryBean">
        <property name="dataSource" ref="dataSourceHikari" />
        <property name="jpaVendorAdapter" ref="hibernateJpaVendorAdapter" />
        <!-- Set JPA properties -->
        <property name="jpaProperties">
            <props>
                <prop key="hibernate.dialect">${hibernate.dialect}</prop>
                <prop key="hibernate.hbm2ddl.auto">${hibernate.hbm2ddl.auto}</prop>
                <prop key="hibernate.physical_naming_strategy">app.spring_webapp_thymeleaf.configurations.SnakeCasePhysicalNamingStrategy</prop>
            </props>
        </property>
        <property name="packagesToScan" value="app.spring_webapp_thymeleaf.entities" />
    </bean>

    <!-- Configure the transaction manager bean -->
    <bean id="transactionManager"
          class="org.springframework.orm.jpa.JpaTransactionManager">
        <property name="entityManagerFactory" ref="entityManagerFactory" />
    </bean>


    <!-- simpler referencing from tests -->
    <bean id="vehicleRepository" class="org.mockito.Mockito" factory-method="mock">
        <constructor-arg value="app.spring_webapp_thymeleaf.repositories.VehicleRepository"/>
    </bean>
    <bean id="personRepository" class="org.mockito.Mockito" factory-method="mock">
        <constructor-arg value="app.spring_webapp_thymeleaf.repositories.PersonRepository"/>
    </bean>
    <bean id="driverRepository" class="org.mockito.Mockito" factory-method="mock">
        <constructor-arg value="app.spring_webapp_thymeleaf.repositories.DriverRepository"/>
    </bean>
</beans>